<?xml version="1.0" encoding="UTF-8"?>
<testsuite xmlns:xsi="http://www.w3.org/2001/XMLSchema-instance" xsi:noNamespaceSchemaLocation="https://maven.apache.org/surefire/maven-surefire-plugin/xsd/surefire-test-report.xsd" name="com.iescomercio.ed.gitactions.LibroTest" time="0.002" tests="7" errors="0" skipped="0" failures="0">
  <properties>
    <property name="java.specification.version" value="17"/>
    <property name="sun.jnu.encoding" value="UTF-8"/>
    <property name="java.class.path" value="/Users/carlos/eclipseWS/eclipseWS2/gitactions/target/test-classes:/Users/carlos/eclipseWS/eclipseWS2/gitactions/target/classes:/Users/carlos/.m2/repository/junit/junit/4.12/junit-4.12.jar:/Users/carlos/.m2/repository/org/hamcrest/hamcrest-core/1.3/hamcrest-core-1.3.jar:"/>
    <property name="java.vm.vendor" value="Oracle Corporation"/>
    <property name="sun.arch.data.model" value="64"/>
    <property name="java.vendor.url" value="https://java.oracle.com/"/>
    <property name="os.name" value="Mac OS X"/>
    <property name="java.vm.specification.version" value="17"/>
    <property name="sun.java.launcher" value="SUN_STANDARD"/>
    <property name="user.country" value="ES"/>
    <property name="sun.boot.library.path" value="/Library/Java/JavaVirtualMachines/jdk-17.0.1.jdk/Contents/Home/lib"/>
    <property name="sun.java.command" value="/Users/carlos/eclipseWS/eclipseWS2/gitactions/target/surefire/surefirebooter13790637425273538777.jar /Users/carlos/eclipseWS/eclipseWS2/gitactions/target/surefire 2022-02-22T17-24-45_616-jvmRun1 surefire16074726938504705029tmp surefire_013467058819181545064tmp"/>
    <property name="http.nonProxyHosts" value="local, 169.254/16|*.local, 169.254/16"/>
    <property name="jdk.debug" value="release"/>
    <property name="surefire.test.class.path" value="/Users/carlos/eclipseWS/eclipseWS2/gitactions/target/test-classes:/Users/carlos/eclipseWS/eclipseWS2/gitactions/target/classes:/Users/carlos/.m2/repository/junit/junit/4.12/junit-4.12.jar:/Users/carlos/.m2/repository/org/hamcrest/hamcrest-core/1.3/hamcrest-core-1.3.jar:"/>
    <property name="sun.cpu.endian" value="little"/>
    <property name="user.home" value="/Users/carlos"/>
    <property name="user.language" value="es"/>
    <property name="java.specification.vendor" value="Oracle Corporation"/>
    <property name="java.version.date" value="2021-10-19"/>
    <property name="java.home" value="/Library/Java/JavaVirtualMachines/jdk-17.0.1.jdk/Contents/Home"/>
    <property name="file.separator" value="/"/>
    <property name="basedir" value="/Users/carlos/eclipseWS/eclipseWS2/gitactions"/>
    <property name="java.vm.compressedOopsMode" value="Zero based"/>
    <property name="line.separator" value="&#10;"/>
    <property name="java.specification.name" value="Java Platform API Specification"/>
    <property name="java.vm.specification.vendor" value="Oracle Corporation"/>
    <property name="surefire.real.class.path" value="/Users/carlos/eclipseWS/eclipseWS2/gitactions/target/surefire/surefirebooter13790637425273538777.jar"/>
    <property name="sun.management.compiler" value="HotSpot 64-Bit Tiered Compilers"/>
    <property name="ftp.nonProxyHosts" value="local, 169.254/16|*.local, 169.254/16"/>
    <property name="java.runtime.version" value="17.0.1+12-39"/>
    <property name="user.name" value="carlos"/>
    <property name="path.separator" value=":"/>
    <property name="os.version" value="11.6"/>
    <property name="java.runtime.name" value="OpenJDK Runtime Environment"/>
    <property name="file.encoding" value="UTF-8"/>
    <property name="java.vm.name" value="OpenJDK 64-Bit Server VM"/>
    <property name="localRepository" value="/Users/carlos/.m2/repository"/>
    <property name="java.vendor.url.bug" value="https://bugreport.java.com/bugreport/"/>
    <property name="java.io.tmpdir" value="/var/folders/pv/457r91393xz38dtdj35g_fhh0000gn/T/"/>
    <property name="java.version" value="17.0.1"/>
    <property name="user.dir" value="/Users/carlos/eclipseWS/eclipseWS2/gitactions"/>
    <property name="os.arch" value="x86_64"/>
    <property name="java.vm.specification.name" value="Java Virtual Machine Specification"/>
    <property name="native.encoding" value="UTF-8"/>
    <property name="java.library.path" value="/Users/carlos/Library/Java/Extensions:/Library/Java/Extensions:/Network/Library/Java/Extensions:/System/Library/Java/Extensions:/usr/lib/java:."/>
    <property name="java.vm.info" value="mixed mode, sharing"/>
    <property name="java.vendor" value="Oracle Corporation"/>
    <property name="java.vm.version" value="17.0.1+12-39"/>
    <property name="sun.io.unicode.encoding" value="UnicodeBig"/>
    <property name="socksNonProxyHosts" value="local, 169.254/16|*.local, 169.254/16"/>
    <property name="java.class.version" value="61.0"/>
  </properties>
  <testcase name="testLibro" classname="com.iescomercio.ed.gitactions.LibroTest" time="0"/>
  <testcase name="testIsAventuras" classname="com.iescomercio.ed.gitactions.LibroTest" time="0"/>
  <testcase name="testGetIsbn" classname="com.iescomercio.ed.gitactions.LibroTest" time="0.001"/>
  <testcase name="testSetTitulo" classname="com.iescomercio.ed.gitactions.LibroTest" time="0"/>
  <testcase name="testGetTitulo" classname="com.iescomercio.ed.gitactions.LibroTest" time="0"/>
  <testcase name="testSetIsbn" classname="com.iescomercio.ed.gitactions.LibroTest" time="0"/>
  <testcase name="testSetIsbn2" classname="com.iescomercio.ed.gitactions.LibroTest" time="0"/>
</testsuite>